<?xml version="1.0" encoding="UTF-8"?>
<testsuite xmlns:xsi="http://www.w3.org/2001/XMLSchema-instance" xsi:noNamespaceSchemaLocation="https://maven.apache.org/surefire/maven-surefire-plugin/xsd/surefire-test-report-3.0.xsd" version="3.0" name="in.smartPrograming.Maven1stSpring.AppTest" time="0.019" tests="1" errors="0" skipped="0" failures="0">
  <properties>
    <property name="java.specification.version" value="17"/>
    <property name="sun.cpu.isalist" value="amd64"/>
    <property name="sun.jnu.encoding" value="Cp1252"/>
    <property name="java.class.path" value="C:\Users\tsayyad\eclipse-workspace\Maven1stSpring\target\test-classes;C:\Users\tsayyad\eclipse-workspace\Maven1stSpring\target\classes;C:\Users\tsayyad\.m2\repository\junit\junit\3.8.1\junit-3.8.1.jar;C:\Users\tsayyad\.m2\repository\org\springframework\spring-context\6.1.11\spring-context-6.1.11.jar;C:\Users\tsayyad\.m2\repository\org\springframework\spring-aop\6.1.11\spring-aop-6.1.11.jar;C:\Users\tsayyad\.m2\repository\org\springframework\spring-beans\6.1.11\spring-beans-6.1.11.jar;C:\Users\tsayyad\.m2\repository\org\springframework\spring-core\6.1.11\spring-core-6.1.11.jar;C:\Users\tsayyad\.m2\repository\org\springframework\spring-jcl\6.1.11\spring-jcl-6.1.11.jar;C:\Users\tsayyad\.m2\repository\org\springframework\spring-expression\6.1.11\spring-expression-6.1.11.jar;C:\Users\tsayyad\.m2\repository\io\micrometer\micrometer-observation\1.12.8\micrometer-observation-1.12.8.jar;C:\Users\tsayyad\.m2\repository\io\micrometer\micrometer-commons\1.12.8\micrometer-commons-1.12.8.jar;"/>
    <property name="java.vm.vendor" value="Eclipse Adoptium"/>
    <property name="sun.arch.data.model" value="64"/>
    <property name="user.variant" value=""/>
    <property name="java.vendor.url" value="https://adoptium.net/"/>
    <property name="user.timezone" value="Asia/Calcutta"/>
    <property name="os.name" value="Windows 11"/>
    <property name="java.vm.specification.version" value="17"/>
    <property name="sun.java.launcher" value="SUN_STANDARD"/>
    <property name="user.country" value="US"/>
    <property name="sun.boot.library.path" value="C:\Users\tsayyad\OneDrive - Cisco\Desktop\eclipse\plugins\org.eclipse.justj.openjdk.hotspot.jre.full.win32.x86_64_17.0.2.v20220201-1208\jre\bin"/>
    <property name="sun.java.command" value="C:\Users\tsayyad\AppData\Local\Temp\surefire4242235794179401640\surefirebooter-20241003143052764_3.jar C:\Users\tsayyad\AppData\Local\Temp\surefire4242235794179401640 2024-10-03T14-30-52_527-jvmRun1 surefire-20241003143052764_1tmp surefire_0-20241003143052764_2tmp"/>
    <property name="jdk.debug" value="release"/>
    <property name="surefire.test.class.path" value="C:\Users\tsayyad\eclipse-workspace\Maven1stSpring\target\test-classes;C:\Users\tsayyad\eclipse-workspace\Maven1stSpring\target\classes;C:\Users\tsayyad\.m2\repository\junit\junit\3.8.1\junit-3.8.1.jar;C:\Users\tsayyad\.m2\repository\org\springframework\spring-context\6.1.11\spring-context-6.1.11.jar;C:\Users\tsayyad\.m2\repository\org\springframework\spring-aop\6.1.11\spring-aop-6.1.11.jar;C:\Users\tsayyad\.m2\repository\org\springframework\spring-beans\6.1.11\spring-beans-6.1.11.jar;C:\Users\tsayyad\.m2\repository\org\springframework\spring-core\6.1.11\spring-core-6.1.11.jar;C:\Users\tsayyad\.m2\repository\org\springframework\spring-jcl\6.1.11\spring-jcl-6.1.11.jar;C:\Users\tsayyad\.m2\repository\org\springframework\spring-expression\6.1.11\spring-expression-6.1.11.jar;C:\Users\tsayyad\.m2\repository\io\micrometer\micrometer-observation\1.12.8\micrometer-observation-1.12.8.jar;C:\Users\tsayyad\.m2\repository\io\micrometer\micrometer-commons\1.12.8\micrometer-commons-1.12.8.jar;"/>
    <property name="sun.cpu.endian" value="little"/>
    <property name="user.home" value="C:\Users\tsayyad"/>
    <property name="user.language" value="en"/>
    <property name="java.specification.vendor" value="Oracle Corporation"/>
    <property name="java.version.date" value="2022-01-18"/>
    <property name="java.home" value="C:\Users\tsayyad\OneDrive - Cisco\Desktop\eclipse\plugins\org.eclipse.justj.openjdk.hotspot.jre.full.win32.x86_64_17.0.2.v20220201-1208\jre"/>
    <property name="file.separator" value="\"/>
    <property name="basedir" value="C:\Users\tsayyad\eclipse-workspace\Maven1stSpring"/>
    <property name="java.vm.compressedOopsMode" value="Zero based"/>
    <property name="line.separator" value="&#10;"/>
    <property name="java.vm.specification.vendor" value="Oracle Corporation"/>
    <property name="java.specification.name" value="Java Platform API Specification"/>
    <property name="surefire.real.class.path" value="C:\Users\tsayyad\AppData\Local\Temp\surefire4242235794179401640\surefirebooter-20241003143052764_3.jar"/>
    <property name="user.script" value=""/>
    <property name="sun.management.compiler" value="HotSpot 64-Bit Tiered Compilers"/>
    <property name="java.runtime.version" value="17.0.2+8"/>
    <property name="user.name" value="tsayyad"/>
    <property name="path.separator" value=";"/>
    <property name="os.version" value="10.0"/>
    <property name="java.runtime.name" value="OpenJDK Runtime Environment"/>
    <property name="file.encoding" value="Cp1252"/>
    <property name="java.vm.name" value="OpenJDK 64-Bit Server VM"/>
    <property name="java.vendor.version" value="Temurin-17.0.2+8"/>
    <property name="localRepository" value="C:\Users\tsayyad\.m2\repository"/>
    <property name="java.vendor.url.bug" value="https://github.com/adoptium/adoptium-support/issues"/>
    <property name="java.io.tmpdir" value="C:\Users\tsayyad\AppData\Local\Temp\"/>
    <property name="java.version" value="17.0.2"/>
    <property name="user.dir" value="C:\Users\tsayyad\eclipse-workspace\Maven1stSpring"/>
    <property name="os.arch" value="amd64"/>
    <property name="java.vm.specification.name" value="Java Virtual Machine Specification"/>
    <property name="sun.os.patch.level" value=""/>
    <property name="native.encoding" value="Cp1252"/>
    <property name="java.library.path" value="C:\Users\tsayyad\OneDrive - Cisco\Desktop\eclipse\plugins\org.eclipse.justj.openjdk.hotspot.jre.full.win32.x86_64_17.0.2.v20220201-1208\jre\bin;C:\Windows\Sun\Java\bin;C:\Windows\system32;C:\Windows;C:/Users/tsayyad/OneDrive - Cisco/Desktop/eclipse//plugins/org.eclipse.justj.openjdk.hotspot.jre.full.win32.x86_64_17.0.2.v20220201-1208/jre/bin/server;C:/Users/tsayyad/OneDrive - Cisco/Desktop/eclipse//plugins/org.eclipse.justj.openjdk.hotspot.jre.full.win32.x86_64_17.0.2.v20220201-1208/jre/bin;C:\Program Files\Java\jdk-17\bin;C:\Program Files\Common Files\Oracle\Java\javapath;C:\app\oracle\product\19.0.0\bin;C:\Django\Scripts\;C:\Django\;C:\Windows\system32;C:\Windows;C:\Windows\System32\Wbem;C:\Windows\System32\WindowsPowerShell\v1.0\;C:\Windows\System32\OpenSSH\;C:\Program Files\PuTTY\;C:\Program Files (x86)\SSH Communications Security\SSH Tectia\SSH Tectia AUX;C:\Program Files (x86)\SSH Communications Security\SSH Tectia\SSH Tectia AUX\Support binaries;C:\Program Files (x86)\SSH Communications Security\SSH Tectia\SSH Tectia Broker;C:\Program Files (x86)\SSH Communications Security\SSH Tectia\SSH Tectia Client;C:\Program Files\Git\cmd;C:\Program Files\apache-maven-3.9.9\bin;C:\Program Files\Java\jdk-17\bin;C:\Program Files\Common Files\Oracle\Java\javapath;C:\app\oracle\product\19.0.0\bin;C:\Django\Scripts\;C:\Django\;C:\Windows\system32;C:\Windows;C:\Windows\System32\Wbem;C:\Windows\System32\WindowsPowerShell\v1.0\;C:\Windows\System32\OpenSSH\;C:\Program Files\PuTTY\;C:\Program Files (x86)\SSH Communications Security\SSH Tectia\SSH Tectia AUX;C:\Program Files (x86)\SSH Communications Security\SSH Tectia\SSH Tectia AUX\Support binaries;C:\Program Files (x86)\SSH Communications Security\SSH Tectia\SSH Tectia Broker;C:\Program Files (x86)\SSH Communications Security\SSH Tectia\SSH Tectia Client;C:\Program Files\Git\cmd;C:\Users\tsayyad\AppData\Local\Microsoft\WindowsApps;C:\Users\tsayyad\AppData\Local\Programs\Microsoft VS Code\bin;C:\Program Files\apache-maven-3.9.9\bin;C:\Users\tsayyad\OneDrive - Cisco\Desktop\eclipse;;."/>
    <property name="java.vm.info" value="mixed mode"/>
    <property name="java.vendor" value="Eclipse Adoptium"/>
    <property name="java.vm.version" value="17.0.2+8"/>
    <property name="sun.io.unicode.encoding" value="UnicodeLittle"/>
    <property name="java.class.version" value="61.0"/>
  </properties>
  <testcase name="testApp" classname="in.smartPrograming.Maven1stSpring.AppTest" time="0.002"/>
</testsuite>